[0.008s] Invoking command in '/home/ros/ROS2/communication_mechanism/build/cpp_param': CMAKE_PREFIX_PATH=${CMAKE_PREFIX_PATH}:/opt/ros/humble /usr/bin/cmake --build /home/ros/ROS2/communication_mechanism/build/cpp_param -- -j20 -l20
[0.029s] [35m[1mConsolidate compiler generated dependencies of target demo_param_client[0m
[0.036s] [ 66%] Built target demo_param_server
[0.036s] [ 66%] Built target demo_param
[0.039s] [ 83%] [32mBuilding CXX object CMakeFiles/demo_param_client.dir/src/demo_param_client.cpp.o[0m
[1.362s] In file included from [01m[K/opt/ros/humble/include/rclcpp/rclcpp/logging.hpp:24[m[K,
[1.362s]                  from [01m[K/opt/ros/humble/include/rclcpp/rclcpp/client.hpp:40[m[K,
[1.362s]                  from [01m[K/opt/ros/humble/include/rclcpp/rclcpp/callback_group.hpp:24[m[K,
[1.362s]                  from [01m[K/opt/ros/humble/include/rclcpp/rclcpp/any_executable.hpp:20[m[K,
[1.362s]                  from [01m[K/opt/ros/humble/include/rclcpp/rclcpp/memory_strategy.hpp:25[m[K,
[1.362s]                  from [01m[K/opt/ros/humble/include/rclcpp/rclcpp/memory_strategies.hpp:18[m[K,
[1.362s]                  from [01m[K/opt/ros/humble/include/rclcpp/rclcpp/executor_options.hpp:20[m[K,
[1.362s]                  from [01m[K/opt/ros/humble/include/rclcpp/rclcpp/executor.hpp:37[m[K,
[1.362s]                  from [01m[K/opt/ros/humble/include/rclcpp/rclcpp/executors/multi_threaded_executor.hpp:25[m[K,
[1.362s]                  from [01m[K/opt/ros/humble/include/rclcpp/rclcpp/executors.hpp:21[m[K,
[1.362s]                  from [01m[K/opt/ros/humble/include/rclcpp/rclcpp/rclcpp.hpp:155[m[K,
[1.362s]                  from [01m[K/home/ros/ROS2/communication_mechanism/src/cpp_param/src/demo_param_client.cpp:1[m[K:
[1.362s] [01m[K/home/ros/ROS2/communication_mechanism/src/cpp_param/src/demo_param_client.cpp:[m[K In member function â€˜[01m[Kvoid Param_Client::get_param()[m[Kâ€™:
[1.362s] [01m[K/home/ros/ROS2/communication_mechanism/src/cpp_param/src/demo_param_client.cpp:45:118:[m[K [01;31m[Kerror: [m[Kno matching function for call to â€˜[01m[Krclcpp::Parameter::get_value()[m[Kâ€™
[1.362s]    45 |         RCLCPP_INFO(this->get_logger(), "key:%s ,value:%s",car_name_value.get_name().c_str(),[01;31m[Kcar_name_value.get_value()[m[K);
[1.362s]       |                                                                                              [01;31m[K~~~~~~~~~~~~~~~~~~~~~~~~^~[m[K
[1.363s] In file included from [01m[K/opt/ros/humble/include/rclcpp/rclcpp/node_interfaces/node_parameters_interface.hpp:28[m[K,
[1.363s]                  from [01m[K/opt/ros/humble/include/rclcpp/rclcpp/node.hpp:54[m[K,
[1.363s]                  from [01m[K/opt/ros/humble/include/rclcpp/rclcpp/executors/single_threaded_executor.hpp:28[m[K,
[1.363s]                  from [01m[K/opt/ros/humble/include/rclcpp/rclcpp/executors.hpp:22[m[K,
[1.363s]                  from [01m[K/opt/ros/humble/include/rclcpp/rclcpp/rclcpp.hpp:155[m[K,
[1.363s]                  from [01m[K/home/ros/ROS2/communication_mechanism/src/cpp_param/src/demo_param_client.cpp:1[m[K:
[1.363s] [01m[K/opt/ros/humble/include/rclcpp/rclcpp/parameter.hpp:117:3:[m[K [01;36m[Knote: [m[Kcandidate: â€˜[01m[Ktemplate<rclcpp::ParameterType ParamT> decltype(auto) rclcpp::Parameter::get_value() const[m[Kâ€™
[1.363s]   117 |   [01;36m[Kget_value[m[K() const
[1.363s]       |   [01;36m[K^~~~~~~~~[m[K
[1.364s] [01m[K/opt/ros/humble/include/rclcpp/rclcpp/parameter.hpp:117:3:[m[K [01;36m[Knote: [m[K  template argument deduction/substitution failed:
[1.364s] In file included from [01m[K/opt/ros/humble/include/rclcpp/rclcpp/logging.hpp:24[m[K,
[1.364s]                  from [01m[K/opt/ros/humble/include/rclcpp/rclcpp/client.hpp:40[m[K,
[1.364s]                  from [01m[K/opt/ros/humble/include/rclcpp/rclcpp/callback_group.hpp:24[m[K,
[1.364s]                  from [01m[K/opt/ros/humble/include/rclcpp/rclcpp/any_executable.hpp:20[m[K,
[1.364s]                  from [01m[K/opt/ros/humble/include/rclcpp/rclcpp/memory_strategy.hpp:25[m[K,
[1.364s]                  from [01m[K/opt/ros/humble/include/rclcpp/rclcpp/memory_strategies.hpp:18[m[K,
[1.364s]                  from [01m[K/opt/ros/humble/include/rclcpp/rclcpp/executor_options.hpp:20[m[K,
[1.364s]                  from [01m[K/opt/ros/humble/include/rclcpp/rclcpp/executor.hpp:37[m[K,
[1.364s]                  from [01m[K/opt/ros/humble/include/rclcpp/rclcpp/executors/multi_threaded_executor.hpp:25[m[K,
[1.364s]                  from [01m[K/opt/ros/humble/include/rclcpp/rclcpp/executors.hpp:21[m[K,
[1.364s]                  from [01m[K/opt/ros/humble/include/rclcpp/rclcpp/rclcpp.hpp:155[m[K,
[1.364s]                  from [01m[K/home/ros/ROS2/communication_mechanism/src/cpp_param/src/demo_param_client.cpp:1[m[K:
[1.364s] [01m[K/home/ros/ROS2/communication_mechanism/src/cpp_param/src/demo_param_client.cpp:45:118:[m[K [01;36m[Knote: [m[K  couldnâ€™t deduce template parameter â€˜[01m[KParamT[m[Kâ€™
[1.364s]    45 |         RCLCPP_INFO(this->get_logger(), "key:%s ,value:%s",car_name_value.get_name().c_str(),[01;36m[Kcar_name_value.get_value()[m[K);
[1.364s]       |                                                                                              [01;36m[K~~~~~~~~~~~~~~~~~~~~~~~~^~[m[K
[1.364s] In file included from [01m[K/opt/ros/humble/include/rclcpp/rclcpp/node_interfaces/node_parameters_interface.hpp:28[m[K,
[1.364s]                  from [01m[K/opt/ros/humble/include/rclcpp/rclcpp/node.hpp:54[m[K,
[1.364s]                  from [01m[K/opt/ros/humble/include/rclcpp/rclcpp/executors/single_threaded_executor.hpp:28[m[K,
[1.364s]                  from [01m[K/opt/ros/humble/include/rclcpp/rclcpp/executors.hpp:22[m[K,
[1.364s]                  from [01m[K/opt/ros/humble/include/rclcpp/rclcpp/rclcpp.hpp:155[m[K,
[1.364s]                  from [01m[K/home/ros/ROS2/communication_mechanism/src/cpp_param/src/demo_param_client.cpp:1[m[K:
[1.364s] [01m[K/opt/ros/humble/include/rclcpp/rclcpp/parameter.hpp:125:3:[m[K [01;36m[Knote: [m[Kcandidate: â€˜[01m[Ktemplate<class T> decltype(auto) rclcpp::Parameter::get_value() const[m[Kâ€™
[1.364s]   125 |   [01;36m[Kget_value[m[K() const;
[1.364s]       |   [01;36m[K^~~~~~~~~[m[K
[1.364s] [01m[K/opt/ros/humble/include/rclcpp/rclcpp/parameter.hpp:125:3:[m[K [01;36m[Knote: [m[K  template argument deduction/substitution failed:
[1.364s] In file included from [01m[K/opt/ros/humble/include/rclcpp/rclcpp/logging.hpp:24[m[K,
[1.364s]                  from [01m[K/opt/ros/humble/include/rclcpp/rclcpp/client.hpp:40[m[K,
[1.364s]                  from [01m[K/opt/ros/humble/include/rclcpp/rclcpp/callback_group.hpp:24[m[K,
[1.364s]                  from [01m[K/opt/ros/humble/include/rclcpp/rclcpp/any_executable.hpp:20[m[K,
[1.364s]                  from [01m[K/opt/ros/humble/include/rclcpp/rclcpp/memory_strategy.hpp:25[m[K,
[1.364s]                  from [01m[K/opt/ros/humble/include/rclcpp/rclcpp/memory_strategies.hpp:18[m[K,
[1.364s]                  from [01m[K/opt/ros/humble/include/rclcpp/rclcpp/executor_options.hpp:20[m[K,
[1.364s]                  from [01m[K/opt/ros/humble/include/rclcpp/rclcpp/executor.hpp:37[m[K,
[1.364s]                  from [01m[K/opt/ros/humble/include/rclcpp/rclcpp/executors/multi_threaded_executor.hpp:25[m[K,
[1.364s]                  from [01m[K/opt/ros/humble/include/rclcpp/rclcpp/executors.hpp:21[m[K,
[1.364s]                  from [01m[K/opt/ros/humble/include/rclcpp/rclcpp/rclcpp.hpp:155[m[K,
[1.364s]                  from [01m[K/home/ros/ROS2/communication_mechanism/src/cpp_param/src/demo_param_client.cpp:1[m[K:
[1.364s] [01m[K/home/ros/ROS2/communication_mechanism/src/cpp_param/src/demo_param_client.cpp:45:118:[m[K [01;36m[Knote: [m[K  couldnâ€™t deduce template parameter â€˜[01m[KT[m[Kâ€™
[1.364s]    45 |         RCLCPP_INFO(this->get_logger(), "key:%s ,value:%s",car_name_value.get_name().c_str(),[01;36m[Kcar_name_value.get_value()[m[K);
[1.364s]       |                                                                                              [01;36m[K~~~~~~~~~~~~~~~~~~~~~~~~^~[m[K
[1.648s] gmake[2]: *** [CMakeFiles/demo_param_client.dir/build.make:76: CMakeFiles/demo_param_client.dir/src/demo_param_client.cpp.o] Error 1
[1.649s] gmake[1]: *** [CMakeFiles/Makefile2:193: CMakeFiles/demo_param_client.dir/all] Error 2
[1.649s] gmake: *** [Makefile:146: all] Error 2
[1.650s] Invoked command in '/home/ros/ROS2/communication_mechanism/build/cpp_param' returned '2': CMAKE_PREFIX_PATH=${CMAKE_PREFIX_PATH}:/opt/ros/humble /usr/bin/cmake --build /home/ros/ROS2/communication_mechanism/build/cpp_param -- -j20 -l20
