[35m[1mConsolidate compiler generated dependencies of target demo_param_server[0m
[ 50%] Built target demo_param
[ 66%] Built target demo_param_client
[ 83%] [32mBuilding CXX object CMakeFiles/demo_param_server.dir/src/demo_param_server.cpp.o[0m
[01m[K/home/ros/ROS2/communication_mechanism/src/cpp_param/src/demo_param_server.cpp:[m[K In member function â€˜[01m[Kvoid Param_Server::get_param()[m[Kâ€™:
[01m[K/home/ros/ROS2/communication_mechanism/src/cpp_param/src/demo_param_server.cpp:48:5:[m[K [01;31m[Kerror: [m[Kexpected â€˜[01m[K;[m[Kâ€™ before â€˜[01m[Kthis[m[Kâ€™
   48 |     [01;31m[Kthis[m[K->get_parameter();
      |     [01;31m[K^~~~[m[K
[01m[K/home/ros/ROS2/communication_mechanism/src/cpp_param/src/demo_param_server.cpp:48:24:[m[K [01;31m[Kerror: [m[Kno matching function for call to â€˜[01m[KParam_Server::get_parameter()[m[Kâ€™
   48 |     [01;31m[Kthis->get_parameter()[m[K;
      |     [01;31m[K~~~~~~~~~~~~~~~~~~~^~[m[K
In file included from [01m[K/opt/ros/humble/include/rclcpp/rclcpp/executors/single_threaded_executor.hpp:28[m[K,
                 from [01m[K/opt/ros/humble/include/rclcpp/rclcpp/executors.hpp:22[m[K,
                 from [01m[K/opt/ros/humble/include/rclcpp/rclcpp/rclcpp.hpp:155[m[K,
                 from [01m[K/home/ros/ROS2/communication_mechanism/src/cpp_param/src/demo_param_server.cpp:7[m[K:
[01m[K/opt/ros/humble/include/rclcpp/rclcpp/node.hpp:683:3:[m[K [01;36m[Knote: [m[Kcandidate: â€˜[01m[Ktemplate<class ParameterT> bool rclcpp::Node::get_parameter(const string&, ParameterT&) const[m[Kâ€™
  683 |   [01;36m[Kget_parameter[m[K(const std::string & name, ParameterT & parameter) const;
      |   [01;36m[K^~~~~~~~~~~~~[m[K
[01m[K/opt/ros/humble/include/rclcpp/rclcpp/node.hpp:683:3:[m[K [01;36m[Knote: [m[K  template argument deduction/substitution failed:
[01m[K/home/ros/ROS2/communication_mechanism/src/cpp_param/src/demo_param_server.cpp:48:24:[m[K [01;36m[Knote: [m[K  candidate expects 2 arguments, 0 provided
   48 |     [01;36m[Kthis->get_parameter()[m[K;
      |     [01;36m[K~~~~~~~~~~~~~~~~~~~^~[m[K
In file included from [01m[K/opt/ros/humble/include/rclcpp/rclcpp/executors/single_threaded_executor.hpp:28[m[K,
                 from [01m[K/opt/ros/humble/include/rclcpp/rclcpp/executors.hpp:22[m[K,
                 from [01m[K/opt/ros/humble/include/rclcpp/rclcpp/rclcpp.hpp:155[m[K,
                 from [01m[K/home/ros/ROS2/communication_mechanism/src/cpp_param/src/demo_param_server.cpp:7[m[K:
[01m[K/opt/ros/humble/include/rclcpp/rclcpp/node.hpp:647:3:[m[K [01;36m[Knote: [m[Kcandidate: â€˜[01m[Krclcpp::Parameter rclcpp::Node::get_parameter(const string&) const[m[Kâ€™
  647 |   [01;36m[Kget_parameter[m[K(const std::string & name) const;
      |   [01;36m[K^~~~~~~~~~~~~[m[K
[01m[K/opt/ros/humble/include/rclcpp/rclcpp/node.hpp:647:3:[m[K [01;36m[Knote: [m[K  candidate expects 1 argument, 0 provided
[01m[K/opt/ros/humble/include/rclcpp/rclcpp/node.hpp:666:3:[m[K [01;36m[Knote: [m[Kcandidate: â€˜[01m[Kbool rclcpp::Node::get_parameter(const string&, rclcpp::Parameter&) const[m[Kâ€™
  666 |   [01;36m[Kget_parameter[m[K(const std::string & name, rclcpp::Parameter & parameter) const;
      |   [01;36m[K^~~~~~~~~~~~~[m[K
[01m[K/opt/ros/humble/include/rclcpp/rclcpp/node.hpp:666:3:[m[K [01;36m[Knote: [m[K  candidate expects 2 arguments, 0 provided
gmake[2]: *** [CMakeFiles/demo_param_server.dir/build.make:76: CMakeFiles/demo_param_server.dir/src/demo_param_server.cpp.o] Error 1
gmake[1]: *** [CMakeFiles/Makefile2:167: CMakeFiles/demo_param_server.dir/all] Error 2
gmake: *** [Makefile:146: all] Error 2
