[0.007s] Invoking command in '/home/ros/ROS2/communication_mechanism/build/cpp_param': CMAKE_PREFIX_PATH=${CMAKE_PREFIX_PATH}:/opt/ros/humble /usr/bin/cmake --build /home/ros/ROS2/communication_mechanism/build/cpp_param -- -j20 -l20
[0.029s] [35m[1mConsolidate compiler generated dependencies of target demo_param_server[0m
[0.036s] [ 50%] Built target demo_param
[0.036s] [ 66%] Built target demo_param_client
[0.039s] [ 83%] [32mBuilding CXX object CMakeFiles/demo_param_server.dir/src/demo_param_server.cpp.o[0m
[1.406s] [01m[K/home/ros/ROS2/communication_mechanism/src/cpp_param/src/demo_param_server.cpp:[m[K In member function â€˜[01m[Kvoid Param_Server::get_param()[m[Kâ€™:
[1.406s] [01m[K/home/ros/ROS2/communication_mechanism/src/cpp_param/src/demo_param_server.cpp:48:5:[m[K [01;31m[Kerror: [m[Kexpected â€˜[01m[K;[m[Kâ€™ before â€˜[01m[Kthis[m[Kâ€™
[1.406s]    48 |     [01;31m[Kthis[m[K->get_parameter();
[1.406s]       |     [01;31m[K^~~~[m[K
[1.406s] [01m[K/home/ros/ROS2/communication_mechanism/src/cpp_param/src/demo_param_server.cpp:48:24:[m[K [01;31m[Kerror: [m[Kno matching function for call to â€˜[01m[KParam_Server::get_parameter()[m[Kâ€™
[1.406s]    48 |     [01;31m[Kthis->get_parameter()[m[K;
[1.406s]       |     [01;31m[K~~~~~~~~~~~~~~~~~~~^~[m[K
[1.406s] In file included from [01m[K/opt/ros/humble/include/rclcpp/rclcpp/executors/single_threaded_executor.hpp:28[m[K,
[1.406s]                  from [01m[K/opt/ros/humble/include/rclcpp/rclcpp/executors.hpp:22[m[K,
[1.406s]                  from [01m[K/opt/ros/humble/include/rclcpp/rclcpp/rclcpp.hpp:155[m[K,
[1.406s]                  from [01m[K/home/ros/ROS2/communication_mechanism/src/cpp_param/src/demo_param_server.cpp:7[m[K:
[1.406s] [01m[K/opt/ros/humble/include/rclcpp/rclcpp/node.hpp:683:3:[m[K [01;36m[Knote: [m[Kcandidate: â€˜[01m[Ktemplate<class ParameterT> bool rclcpp::Node::get_parameter(const string&, ParameterT&) const[m[Kâ€™
[1.406s]   683 |   [01;36m[Kget_parameter[m[K(const std::string & name, ParameterT & parameter) const;
[1.406s]       |   [01;36m[K^~~~~~~~~~~~~[m[K
[1.406s] [01m[K/opt/ros/humble/include/rclcpp/rclcpp/node.hpp:683:3:[m[K [01;36m[Knote: [m[K  template argument deduction/substitution failed:
[1.406s] [01m[K/home/ros/ROS2/communication_mechanism/src/cpp_param/src/demo_param_server.cpp:48:24:[m[K [01;36m[Knote: [m[K  candidate expects 2 arguments, 0 provided
[1.406s]    48 |     [01;36m[Kthis->get_parameter()[m[K;
[1.406s]       |     [01;36m[K~~~~~~~~~~~~~~~~~~~^~[m[K
[1.406s] In file included from [01m[K/opt/ros/humble/include/rclcpp/rclcpp/executors/single_threaded_executor.hpp:28[m[K,
[1.406s]                  from [01m[K/opt/ros/humble/include/rclcpp/rclcpp/executors.hpp:22[m[K,
[1.406s]                  from [01m[K/opt/ros/humble/include/rclcpp/rclcpp/rclcpp.hpp:155[m[K,
[1.406s]                  from [01m[K/home/ros/ROS2/communication_mechanism/src/cpp_param/src/demo_param_server.cpp:7[m[K:
[1.406s] [01m[K/opt/ros/humble/include/rclcpp/rclcpp/node.hpp:647:3:[m[K [01;36m[Knote: [m[Kcandidate: â€˜[01m[Krclcpp::Parameter rclcpp::Node::get_parameter(const string&) const[m[Kâ€™
[1.406s]   647 |   [01;36m[Kget_parameter[m[K(const std::string & name) const;
[1.406s]       |   [01;36m[K^~~~~~~~~~~~~[m[K
[1.406s] [01m[K/opt/ros/humble/include/rclcpp/rclcpp/node.hpp:647:3:[m[K [01;36m[Knote: [m[K  candidate expects 1 argument, 0 provided
[1.406s] [01m[K/opt/ros/humble/include/rclcpp/rclcpp/node.hpp:666:3:[m[K [01;36m[Knote: [m[Kcandidate: â€˜[01m[Kbool rclcpp::Node::get_parameter(const string&, rclcpp::Parameter&) const[m[Kâ€™
[1.406s]   666 |   [01;36m[Kget_parameter[m[K(const std::string & name, rclcpp::Parameter & parameter) const;
[1.406s]       |   [01;36m[K^~~~~~~~~~~~~[m[K
[1.406s] [01m[K/opt/ros/humble/include/rclcpp/rclcpp/node.hpp:666:3:[m[K [01;36m[Knote: [m[K  candidate expects 2 arguments, 0 provided
[1.658s] gmake[2]: *** [CMakeFiles/demo_param_server.dir/build.make:76: CMakeFiles/demo_param_server.dir/src/demo_param_server.cpp.o] Error 1
[1.658s] gmake[1]: *** [CMakeFiles/Makefile2:167: CMakeFiles/demo_param_server.dir/all] Error 2
[1.658s] gmake: *** [Makefile:146: all] Error 2
[1.660s] Invoked command in '/home/ros/ROS2/communication_mechanism/build/cpp_param' returned '2': CMAKE_PREFIX_PATH=${CMAKE_PREFIX_PATH}:/opt/ros/humble /usr/bin/cmake --build /home/ros/ROS2/communication_mechanism/build/cpp_param -- -j20 -l20
