[01m[K/home/huang/ros2/ROS2/coordinate_transformations/src/cpp_tf_broadcaster/src/cpp_static_tf_broadcaster.cpp:49:49:[m[K [01;31m[Kerror: [m[Kexpected â€˜[01m[K;[m[Kâ€™ at end of member declaration
   49 |     std::shared_ptr<StaticTransformBroadcaster> [01;31m[Kstatic_tf_broadcaster[m[K
      |                                                 [01;31m[K^~~~~~~~~~~~~~~~~~~~~[m[K
      |                                                                      [32m[K;[m[K
[01m[K/home/huang/ros2/ROS2/coordinate_transformations/src/cpp_tf_broadcaster/src/cpp_static_tf_broadcaster.cpp:[m[K In function â€˜[01m[Kint main(int, char**)[m[Kâ€™:
[01m[K/home/huang/ros2/ROS2/coordinate_transformations/src/cpp_tf_broadcaster/src/cpp_static_tf_broadcaster.cpp:55:14:[m[K [01;35m[Kwarning: [m[Ksuggest parentheses around assignment used as truth value [[01;35m[K]8;;https://gcc.gnu.org/onlinedocs/gcc/Warning-Options.html#index-Wparentheses-Wparentheses]8;;[m[K]
   55 |     if ([01;35m[Kargc = !9[m[K)
      |         [01;35m[K~~~~~^~~~[m[K
gmake[2]: *** [CMakeFiles/cpp_static_tf_broadcaster.dir/build.make:76: CMakeFiles/cpp_static_tf_broadcaster.dir/src/cpp_static_tf_broadcaster.cpp.o] Error 1
gmake[1]: *** [CMakeFiles/Makefile2:165: CMakeFiles/cpp_static_tf_broadcaster.dir/all] Error 2
gmake: *** [Makefile:146: all] Error 2
