[35m[1mConsolidate compiler generated dependencies of target cpp_action_client[0m
[ 50%] Built target cpp_action_server
[ 66%] Built target minimal_action_client
[ 83%] [32mBuilding CXX object CMakeFiles/cpp_action_client.dir/src/cpp_action_client.cpp.o[0m
[01m[K/home/ros/ROS2/communication_mechanism/src/cpp_action/src/cpp_action_client.cpp:[m[K In function â€˜[01m[Kvoid signal_handler(int)[m[Kâ€™:
[01m[K/home/ros/ROS2/communication_mechanism/src/cpp_action/src/cpp_action_client.cpp:202:22:[m[K [01;31m[Kerror: [m[Kâ€˜[01m[Kusing element_type = class Action_client[m[Kâ€™ {aka â€˜[01m[Kclass Action_client[m[Kâ€™} has no member named â€˜[01m[Kcancel_goal[m[Kâ€™
  202 |       action_client->[01;31m[Kcancel_goal[m[K(); // è°ƒç”¨å–æ¶ˆç›®æ ‡çš„å‡½æ•°
      |                      [01;31m[K^~~~~~~~~~~[m[K
gmake[2]: *** [CMakeFiles/cpp_action_client.dir/build.make:76: CMakeFiles/cpp_action_client.dir/src/cpp_action_client.cpp.o] Error 1
gmake[1]: *** [CMakeFiles/Makefile2:167: CMakeFiles/cpp_action_client.dir/all] Error 2
gmake: *** [Makefile:146: all] Error 2
