[0.000000] (-) TimerEvent: {}
[0.000375] (-) JobUnselected: {'identifier': 'base_interface_demo'}
[0.000416] (-) JobUnselected: {'identifier': 'cpp_action'}
[0.000444] (-) JobUnselected: {'identifier': 'cpp_param'}
[0.000454] (-) JobUnselected: {'identifier': 'cpp_server'}
[0.000462] (-) JobUnselected: {'identifier': 'cpp_topic'}
[0.000474] (cpp_time) JobQueued: {'identifier': 'cpp_time', 'dependencies': OrderedDict()}
[0.000843] (cpp_time) JobStarted: {'identifier': 'cpp_time'}
[0.006261] (cpp_time) JobProgress: {'identifier': 'cpp_time', 'progress': 'cmake'}
[0.006735] (cpp_time) JobProgress: {'identifier': 'cpp_time', 'progress': 'build'}
[0.007263] (cpp_time) Command: {'cmd': ['/usr/bin/cmake', '--build', '/home/ros/ROS2/communication_mechanism/build/cpp_time', '--', '-j20', '-l20'], 'cwd': '/home/ros/ROS2/communication_mechanism/build/cpp_time', 'env': OrderedDict([('LESSOPEN', '| /usr/bin/lesspipe %s'), ('USER', 'ros'), ('GIT_ASKPASS', '/home/ros/.vscode-server/bin/38c31bc77e0dd6ae88a4e9cc93428cc27a56ba40/extensions/git/dist/askpass.sh'), ('SHLVL', '1'), ('LD_LIBRARY_PATH', '/home/ros/ROS2/communication_mechanism/install/base_interface_demo/lib:/opt/ros/humble/opt/rviz_ogre_vendor/lib:/opt/ros/humble/lib/x86_64-linux-gnu:/opt/ros/humble/lib'), ('MOTD_SHOWN', 'update-motd'), ('HOME', '/home/ros'), ('OLDPWD', '/home/ros/ROS2/communication_mechanism/src'), ('TERM_PROGRAM_VERSION', '1.93.1'), ('VSCODE_IPC_HOOK_CLI', '/run/user/1000/vscode-ipc-45a7d3f1-5ec5-44a2-81d3-76bc1e6ce782.sock'), ('ROS_PYTHON_VERSION', '3'), ('VSCODE_GIT_ASKPASS_MAIN', '/home/ros/.vscode-server/bin/38c31bc77e0dd6ae88a4e9cc93428cc27a56ba40/extensions/git/dist/askpass-main.js'), ('VSCODE_GIT_ASKPASS_NODE', '/home/ros/.vscode-server/bin/38c31bc77e0dd6ae88a4e9cc93428cc27a56ba40/node'), ('DBUS_SESSION_BUS_ADDRESS', 'unix:path=/run/user/1000/bus'), ('COLORTERM', 'truecolor'), ('WSL_DISTRO_NAME', 'Ubuntu-22.04'), ('WAYLAND_DISPLAY', 'wayland-0'), ('COLCON_PREFIX_PATH', '/home/ros/ROS2/communication_mechanism/install'), ('ROS_DISTRO', 'humble'), ('LOGNAME', 'ros'), ('NAME', 'huang'), ('WSL_INTEROP', '/run/WSL/436_interop'), ('PULSE_SERVER', 'unix:/mnt/wslg/PulseServer'), ('_', '/usr/bin/colcon'), ('ROS_VERSION', '2'), ('TERM', 'xterm-256color'), ('ROS_LOCALHOST_ONLY', '0'), ('PATH', '/home/ros/.vscode-server/bin/38c31bc77e0dd6ae88a4e9cc93428cc27a56ba40/bin/remote-cli:/opt/ros/humble/bin:/usr/local/sbin:/usr/local/bin:/usr/sbin:/usr/bin:/sbin:/bin:/usr/games:/usr/local/games:/usr/lib/wsl/lib:/mnt/c/Program Files/NVIDIA GPU Computing Toolkit/CUDA/v12.3/bin:/mnt/c/Program Files/NVIDIA GPU Computing Toolkit/CUDA/v12.3/libnvvp:/mnt/c/Program Files (x86)/NVIDIA Corporation/PhysX/Common:/mnt/c/Program Files/PlasticSCM5/server:/mnt/c/Program Files/PlasticSCM5/client:/mnt/c/WINDOWS/system32:/mnt/c/WINDOWS:/mnt/c/WINDOWS/System32/Wbem:/mnt/c/WINDOWS/System32/WindowsPowerShell/v1.0/:/mnt/c/Program Files/dotnet/:/mnt/d/msys64/mingw64/bin:/mnt/d/MATLAB/R2022b/runtime/win64:/mnt/d/MATLAB/R2022b/bin:/mnt/c/Users/Lenovo/AppData/Local/Programs/Python/Python311-32/Scripts/:/mnt/c/ProgramData/chocolatey/bin:/mnt/c/Program Files/nodejs/:/mnt/c/Users/Lenovo/Desktop/AIPI/AiPi-Open-Kits/aithinker_Ai-M6X_SDK/tools/ninja:/mnt/c/Users/Lenovo/Desktop/AIPI/AiPi-Open-Kits/aithinker_Ai-M6X_SDK/tools/make:/mnt/c/Users/Lenovo/Desktop/AIPI/AiPi-Open-Kits/aithinker_Ai-M6X_SDK/toolchain/bin:/mnt/d/CMake/bin:/mnt/c/Program Files/Docker/Docker/resources/bin:/mnt/c/Program Files/Microsoft SQL Server/150/Tools/Binn/:/mnt/c/Program Files/Microsoft SQL Server/Client SDK/ODBC/170/Tools/Binn/:/mnt/c/Program Files (x86)/Windows Kits/10/Windows Performance Toolkit/:/mnt/c/Program Files (x86)/Microsoft SQL Server/150/Tools/Binn/:/mnt/c/Program Files/Microsoft SQL Server/150/DTS/Binn/:/mnt/c/Program Files (x86)/Windows Kits/8.1/Windows Performance Toolkit/:/mnt/c/Program Files/NVIDIA Corporation/Nsight Compute 2023.3.1/:/mnt/c/Program Files/NVIDIA Corporation/NVIDIA NvDLISR:/mnt/d/Git/cmd:/mnt/c/Users/Lenovo/AppData/Local/Programs/Python/Python310/Scripts/:/mnt/c/Users/Lenovo/AppData/Local/Programs/Python/Python310/:/mnt/c/Program Files/MySQL/MySQL Shell 8.0/bin/:/mnt/c/Users/Lenovo/AppData/Local/Microsoft/WindowsApps:/mnt/d/Microsoft VS Code/bin:/mnt/d/msys64/mingw64/bin:/mnt/d/PyCharm 2023.2.3/bin:/mnt/c/Users/Lenovo/AppData/Roaming/npm:/mnt/c/Program Files/Microsoft Visual Studio/2022/Community/VC/Tools/MSVC/14.37.32822/bin/Hostx64/x64:/mnt/d/Opencv/opencv/build/x64/vc16/bin:/mnt/d/Opencv/opencv/build/x64/vc16/lib:/mnt/c/Users/Lenovo/AppData/Local/Programs/oh-my-posh/bin:/mnt/d/opencv/opencv/build/x64/vc16/bin:/mnt/d/opencv/opencv/build/x64/vc16/lib:/mnt/g/opencv-4.7.0/opencv/build/x64/vc16/bin:/mnt/g/opencv-4.7.0/opencv/build/x64/vc16/lib:/mnt/d/opencv/opencv/build/x64/vc16/bin:/mnt/d/opencv/opencv/build/x64/vc16/lib:/mnt/c/Users/Lenovo/Desktop/SDL2-2.28.5/x86_64-w64-mingw32/bin:/mnt/d/texlive/texlive/2023/bin/windows:/mnt/d/Program Files/cpolar/:/snap/bin'), ('XDG_RUNTIME_DIR', '/run/user/1000/'), ('DISPLAY', ':0'), ('LANG', 'C.UTF-8'), ('LS_COLORS', 'rs=0:di=01;34:ln=01;36:mh=00:pi=40;33:so=01;35:do=01;35:bd=40;33;01:cd=40;33;01:or=40;31;01:mi=00:su=37;41:sg=30;43:ca=30;41:tw=30;42:ow=34;42:st=37;44:ex=01;32:*.tar=01;31:*.tgz=01;31:*.arc=01;31:*.arj=01;31:*.taz=01;31:*.lha=01;31:*.lz4=01;31:*.lzh=01;31:*.lzma=01;31:*.tlz=01;31:*.txz=01;31:*.tzo=01;31:*.t7z=01;31:*.zip=01;31:*.z=01;31:*.dz=01;31:*.gz=01;31:*.lrz=01;31:*.lz=01;31:*.lzo=01;31:*.xz=01;31:*.zst=01;31:*.tzst=01;31:*.bz2=01;31:*.bz=01;31:*.tbz=01;31:*.tbz2=01;31:*.tz=01;31:*.deb=01;31:*.rpm=01;31:*.jar=01;31:*.war=01;31:*.ear=01;31:*.sar=01;31:*.rar=01;31:*.alz=01;31:*.ace=01;31:*.zoo=01;31:*.cpio=01;31:*.7z=01;31:*.rz=01;31:*.cab=01;31:*.wim=01;31:*.swm=01;31:*.dwm=01;31:*.esd=01;31:*.jpg=01;35:*.jpeg=01;35:*.mjpg=01;35:*.mjpeg=01;35:*.gif=01;35:*.bmp=01;35:*.pbm=01;35:*.pgm=01;35:*.ppm=01;35:*.tga=01;35:*.xbm=01;35:*.xpm=01;35:*.tif=01;35:*.tiff=01;35:*.png=01;35:*.svg=01;35:*.svgz=01;35:*.mng=01;35:*.pcx=01;35:*.mov=01;35:*.mpg=01;35:*.mpeg=01;35:*.m2v=01;35:*.mkv=01;35:*.webm=01;35:*.webp=01;35:*.ogm=01;35:*.mp4=01;35:*.m4v=01;35:*.mp4v=01;35:*.vob=01;35:*.qt=01;35:*.nuv=01;35:*.wmv=01;35:*.asf=01;35:*.rm=01;35:*.rmvb=01;35:*.flc=01;35:*.avi=01;35:*.fli=01;35:*.flv=01;35:*.gl=01;35:*.dl=01;35:*.xcf=01;35:*.xwd=01;35:*.yuv=01;35:*.cgm=01;35:*.emf=01;35:*.ogv=01;35:*.ogx=01;35:*.aac=00;36:*.au=00;36:*.flac=00;36:*.m4a=00;36:*.mid=00;36:*.midi=00;36:*.mka=00;36:*.mp3=00;36:*.mpc=00;36:*.ogg=00;36:*.ra=00;36:*.wav=00;36:*.oga=00;36:*.opus=00;36:*.spx=00;36:*.xspf=00;36:'), ('VSCODE_GIT_IPC_HANDLE', '/run/user/1000/vscode-git-bc28162464.sock'), ('TERM_PROGRAM', 'vscode'), ('ROS_DOMAIN_ID', '6'), ('AMENT_PREFIX_PATH', '/home/ros/ROS2/communication_mechanism/install/cpp_topic:/home/ros/ROS2/communication_mechanism/install/cpp_server:/home/ros/ROS2/communication_mechanism/install/cpp_param:/home/ros/ROS2/communication_mechanism/install/cpp_action:/home/ros/ROS2/communication_mechanism/install/base_interface_demo:/opt/ros/humble'), ('SHELL', '/bin/bash'), ('LESSCLOSE', '/usr/bin/lesspipe %s %s'), ('VSCODE_GIT_ASKPASS_EXTRA_ARGS', ''), ('PWD', '/home/ros/ROS2/communication_mechanism/build/cpp_time'), ('XDG_DATA_DIRS', '/usr/local/share:/usr/share:/var/lib/snapd/desktop'), ('PYTHONPATH', '/home/ros/ROS2/communication_mechanism/install/base_interface_demo/local/lib/python3.10/dist-packages:/opt/ros/humble/lib/python3.10/site-packages:/opt/ros/humble/local/lib/python3.10/dist-packages'), ('COLCON', '1'), ('WSL2_GUI_APPS_ENABLED', '1'), ('HOSTTYPE', 'x86_64'), ('CMAKE_PREFIX_PATH', '/home/ros/ROS2/communication_mechanism/install/cpp_topic:/home/ros/ROS2/communication_mechanism/install/cpp_server:/home/ros/ROS2/communication_mechanism/install/cpp_param:/home/ros/ROS2/communication_mechanism/install/cpp_action:/home/ros/ROS2/communication_mechanism/install/base_interface_demo:/opt/ros/humble'), ('WSLENV', 'VSCODE_WSL_EXT_LOCATION/up')]), 'shell': False}
[0.024340] (cpp_time) StdoutLine: {'line': b'-- Found ament_cmake: 1.3.8 (/opt/ros/humble/share/ament_cmake/cmake)\n'}
[0.100026] (-) TimerEvent: {}
[0.101405] (cpp_time) StdoutLine: {'line': b'-- Found rclcpp: 16.0.8 (/opt/ros/humble/share/rclcpp/cmake)\n'}
[0.200159] (-) TimerEvent: {}
[0.300497] (-) TimerEvent: {}
[0.316001] (cpp_time) StdoutLine: {'line': b'-- Found rosidl_generator_c: 3.1.5 (/opt/ros/humble/share/rosidl_generator_c/cmake)\n'}
[0.317741] (cpp_time) StdoutLine: {'line': b'-- Found rosidl_adapter: 3.1.5 (/opt/ros/humble/share/rosidl_adapter/cmake)\n'}
[0.321340] (cpp_time) StdoutLine: {'line': b'-- Found rosidl_generator_cpp: 3.1.5 (/opt/ros/humble/share/rosidl_generator_cpp/cmake)\n'}
[0.327901] (cpp_time) StdoutLine: {'line': b'-- Using all available rosidl_typesupport_c: rosidl_typesupport_fastrtps_c;rosidl_typesupport_introspection_c\n'}
[0.337246] (cpp_time) StdoutLine: {'line': b'-- Using all available rosidl_typesupport_cpp: rosidl_typesupport_fastrtps_cpp;rosidl_typesupport_introspection_cpp\n'}
[0.372984] (cpp_time) StdoutLine: {'line': b'-- Found rmw_implementation_cmake: 6.1.1 (/opt/ros/humble/share/rmw_implementation_cmake/cmake)\n'}
[0.373735] (cpp_time) StdoutLine: {'line': b'-- Found rmw_fastrtps_cpp: 6.2.6 (/opt/ros/humble/share/rmw_fastrtps_cpp/cmake)\n'}
[0.400618] (-) TimerEvent: {}
[0.501165] (-) TimerEvent: {}
[0.601482] (-) TimerEvent: {}
[0.701936] (-) TimerEvent: {}
[0.802259] (-) TimerEvent: {}
[0.902610] (-) TimerEvent: {}
[1.003049] (-) TimerEvent: {}
[1.103363] (-) TimerEvent: {}
[1.203687] (-) TimerEvent: {}
[1.303996] (-) TimerEvent: {}
[1.404364] (-) TimerEvent: {}
[1.504683] (-) TimerEvent: {}
[1.604989] (-) TimerEvent: {}
[1.705336] (-) TimerEvent: {}
[1.805653] (-) TimerEvent: {}
[1.905965] (-) TimerEvent: {}
[2.006278] (-) TimerEvent: {}
[2.106599] (-) TimerEvent: {}
[2.206959] (-) TimerEvent: {}
[2.307295] (-) TimerEvent: {}
[2.407717] (-) TimerEvent: {}
[2.508047] (-) TimerEvent: {}
[2.608336] (-) TimerEvent: {}
[2.708683] (-) TimerEvent: {}
[2.808990] (-) TimerEvent: {}
[2.909291] (-) TimerEvent: {}
[3.009601] (-) TimerEvent: {}
[3.109922] (-) TimerEvent: {}
[3.210344] (-) TimerEvent: {}
[3.310650] (-) TimerEvent: {}
[3.410967] (-) TimerEvent: {}
[3.511288] (-) TimerEvent: {}
[3.611580] (-) TimerEvent: {}
[3.711900] (-) TimerEvent: {}
[3.812290] (-) TimerEvent: {}
[3.912629] (-) TimerEvent: {}
[4.013071] (-) TimerEvent: {}
[4.113387] (-) TimerEvent: {}
[4.213696] (-) TimerEvent: {}
[4.314005] (-) TimerEvent: {}
[4.414340] (-) TimerEvent: {}
[4.514705] (-) TimerEvent: {}
[4.615060] (-) TimerEvent: {}
[4.715355] (-) TimerEvent: {}
[4.815658] (-) TimerEvent: {}
[4.916107] (-) TimerEvent: {}
[5.016468] (-) TimerEvent: {}
[5.116785] (-) TimerEvent: {}
[5.217172] (-) TimerEvent: {}
[5.317470] (-) TimerEvent: {}
[5.417907] (-) TimerEvent: {}
[5.518216] (-) TimerEvent: {}
[5.618516] (-) TimerEvent: {}
[5.718992] (-) TimerEvent: {}
[5.819306] (-) TimerEvent: {}
[5.919603] (-) TimerEvent: {}
[6.020000] (-) TimerEvent: {}
[6.120315] (-) TimerEvent: {}
[6.220614] (-) TimerEvent: {}
[6.320913] (-) TimerEvent: {}
[6.421224] (-) TimerEvent: {}
[6.521539] (-) TimerEvent: {}
[6.621952] (-) TimerEvent: {}
[6.722460] (-) TimerEvent: {}
[6.822980] (-) TimerEvent: {}
[6.923290] (-) TimerEvent: {}
[7.023588] (-) TimerEvent: {}
[7.123933] (-) TimerEvent: {}
[7.224277] (-) TimerEvent: {}
[7.324583] (-) TimerEvent: {}
[7.424950] (-) TimerEvent: {}
[7.525284] (-) TimerEvent: {}
[7.625598] (-) TimerEvent: {}
[7.725899] (-) TimerEvent: {}
[7.826192] (-) TimerEvent: {}
[7.926487] (-) TimerEvent: {}
[8.026798] (-) TimerEvent: {}
[8.127125] (-) TimerEvent: {}
[8.227425] (-) TimerEvent: {}
[8.327724] (-) TimerEvent: {}
[8.428004] (-) TimerEvent: {}
[8.528288] (-) TimerEvent: {}
[8.628608] (-) TimerEvent: {}
[8.728905] (-) TimerEvent: {}
[8.829197] (-) TimerEvent: {}
[8.929521] (-) TimerEvent: {}
[8.989628] (cpp_time) StdoutLine: {'line': b"-- Using RMW implementation 'rmw_fastrtps_cpp' as default\n"}
[9.029746] (-) TimerEvent: {}
[9.076781] (cpp_time) StdoutLine: {'line': b'-- Found ament_lint_auto: 0.12.10 (/opt/ros/humble/share/ament_lint_auto/cmake)\n'}
[9.115167] (cpp_time) StdoutLine: {'line': b"-- Added test 'cppcheck' to perform static code analysis on C / C++ code\n"}
[9.115317] (cpp_time) StdoutLine: {'line': b'-- Configured cppcheck include dirs: $<BUILD_INTERFACE:/home/ros/ROS2/communication_mechanism/src/cpp_time/include>\n'}
[9.115358] (cpp_time) StdoutLine: {'line': b'-- Configured cppcheck exclude dirs and/or files: \n'}
[9.115589] (cpp_time) StdoutLine: {'line': b"-- Added test 'lint_cmake' to check CMake code style\n"}
[9.115853] (cpp_time) StdoutLine: {'line': b"-- Added test 'uncrustify' to check C / C++ code style\n"}
[9.115925] (cpp_time) StdoutLine: {'line': b'-- Configured uncrustify additional arguments: \n'}
[9.116024] (cpp_time) StdoutLine: {'line': b"-- Added test 'xmllint' to check XML markup files\n"}
[9.116375] (cpp_time) StdoutLine: {'line': b'-- Configuring done\n'}
[9.122546] (cpp_time) StdoutLine: {'line': b'-- Generating done\n'}
[9.123577] (cpp_time) StdoutLine: {'line': b'-- Build files have been written to: /home/ros/ROS2/communication_mechanism/build/cpp_time\n'}
[9.129937] (-) TimerEvent: {}
[9.138067] (cpp_time) StdoutLine: {'line': b'\x1b[35m\x1b[1mConsolidate compiler generated dependencies of target demo_time_rate\x1b[0m\n'}
[9.143102] (cpp_time) StdoutLine: {'line': b'[ 33%] \x1b[32mBuilding CXX object CMakeFiles/demo_time_time.dir/src/demo_time_time.cpp.o\x1b[0m\n'}
[9.143286] (cpp_time) StdoutLine: {'line': b'[ 33%] \x1b[32mBuilding CXX object CMakeFiles/demo_time_duration.dir/src/demo_time_duration.cpp.o\x1b[0m\n'}
[9.147051] (cpp_time) StdoutLine: {'line': b'[ 50%] \x1b[32mBuilding CXX object CMakeFiles/demo_time_rate.dir/src/demo_time_rate.cpp.o\x1b[0m\n'}
[9.148168] (cpp_time) StderrLine: {'line': b'\x1b[01m\x1b[K/home/ros/ROS2/communication_mechanism/src/cpp_time/src/demo_time_duration.cpp:1:10:\x1b[m\x1b[K \x1b[01;31m\x1b[Kfatal error: \x1b[m\x1b[Krclcpp/rclcpp.hpp: No such file or directory\n'}
[9.148293] (cpp_time) StderrLine: {'line': b'    1 | #include \x1b[01;31m\x1b[K"rclcpp/rclcpp.hpp"\x1b[m\x1b[K\n'}
[9.148329] (cpp_time) StderrLine: {'line': b'      |          \x1b[01;31m\x1b[K^~~~~~~~~~~~~~~~~~~\x1b[m\x1b[K\n'}
[9.148357] (cpp_time) StderrLine: {'line': b'compilation terminated.\n'}
[9.148386] (cpp_time) StderrLine: {'line': b'\x1b[01m\x1b[K/home/ros/ROS2/communication_mechanism/src/cpp_time/src/demo_time_time.cpp:1:10:\x1b[m\x1b[K \x1b[01;31m\x1b[Kfatal error: \x1b[m\x1b[Krclcpp/rclcpp.hpp: No such file or directory\n'}
[9.148415] (cpp_time) StderrLine: {'line': b'    1 | #include \x1b[01;31m\x1b[K"rclcpp/rclcpp.hpp"\x1b[m\x1b[K\n'}
[9.148443] (cpp_time) StderrLine: {'line': b'      |          \x1b[01;31m\x1b[K^~~~~~~~~~~~~~~~~~~\x1b[m\x1b[K\n'}
[9.148471] (cpp_time) StderrLine: {'line': b'compilation terminated.\n'}
[9.149146] (cpp_time) StderrLine: {'line': b'gmake[2]: *** [CMakeFiles/demo_time_duration.dir/build.make:76: CMakeFiles/demo_time_duration.dir/src/demo_time_duration.cpp.o] Error 1\n'}
[9.149326] (cpp_time) StderrLine: {'line': b'gmake[2]: *** [CMakeFiles/demo_time_time.dir/build.make:76: CMakeFiles/demo_time_time.dir/src/demo_time_time.cpp.o] Error 1\n'}
[9.149402] (cpp_time) StderrLine: {'line': b'gmake[1]: *** [CMakeFiles/Makefile2:167: CMakeFiles/demo_time_time.dir/all] Error 2\n'}
[9.149437] (cpp_time) StderrLine: {'line': b'gmake[1]: *** Waiting for unfinished jobs....\n'}
[9.149467] (cpp_time) StderrLine: {'line': b'gmake[1]: *** [CMakeFiles/Makefile2:193: CMakeFiles/demo_time_duration.dir/all] Error 2\n'}
[9.230070] (-) TimerEvent: {}
[9.330445] (-) TimerEvent: {}
[9.430800] (-) TimerEvent: {}
[9.531238] (-) TimerEvent: {}
[9.631564] (-) TimerEvent: {}
[9.731946] (-) TimerEvent: {}
[9.832304] (-) TimerEvent: {}
[9.932645] (-) TimerEvent: {}
[10.032997] (-) TimerEvent: {}
[10.133339] (-) TimerEvent: {}
[10.233695] (-) TimerEvent: {}
[10.334049] (-) TimerEvent: {}
[10.434536] (-) TimerEvent: {}
[10.534857] (-) TimerEvent: {}
[10.635198] (-) TimerEvent: {}
[10.735739] (-) TimerEvent: {}
[10.836277] (-) TimerEvent: {}
[10.885398] (cpp_time) StdoutLine: {'line': b'[ 66%] \x1b[32m\x1b[1mLinking CXX executable demo_time_rate\x1b[0m\n'}
[10.936390] (-) TimerEvent: {}
[11.036708] (-) TimerEvent: {}
[11.113051] (cpp_time) StdoutLine: {'line': b'[ 66%] Built target demo_time_rate\n'}
[11.113802] (cpp_time) StderrLine: {'line': b'gmake: *** [Makefile:146: all] Error 2\n'}
[11.115285] (cpp_time) CommandEnded: {'returncode': 2}
[11.137102] (-) TimerEvent: {}
[11.138731] (cpp_time) JobEnded: {'identifier': 'cpp_time', 'rc': 2}
[11.149380] (-) EventReactorShutdown: {}
