[01m[K/home/ros/ROS2/communication_mechanism/src/cpp_time/src/demo_time_duration.cpp:1:10:[m[K [01;31m[Kfatal error: [m[Krclcpp/rclcpp.hpp: No such file or directory
    1 | #include [01;31m[K"rclcpp/rclcpp.hpp"[m[K
      |          [01;31m[K^~~~~~~~~~~~~~~~~~~[m[K
compilation terminated.
[01m[K/home/ros/ROS2/communication_mechanism/src/cpp_time/src/demo_time_time.cpp:1:10:[m[K [01;31m[Kfatal error: [m[Krclcpp/rclcpp.hpp: No such file or directory
    1 | #include [01;31m[K"rclcpp/rclcpp.hpp"[m[K
      |          [01;31m[K^~~~~~~~~~~~~~~~~~~[m[K
compilation terminated.
gmake[2]: *** [CMakeFiles/demo_time_duration.dir/build.make:76: CMakeFiles/demo_time_duration.dir/src/demo_time_duration.cpp.o] Error 1
gmake[2]: *** [CMakeFiles/demo_time_time.dir/build.make:76: CMakeFiles/demo_time_time.dir/src/demo_time_time.cpp.o] Error 1
gmake[1]: *** [CMakeFiles/Makefile2:167: CMakeFiles/demo_time_time.dir/all] Error 2
gmake[1]: *** Waiting for unfinished jobs....
gmake[1]: *** [CMakeFiles/Makefile2:193: CMakeFiles/demo_time_duration.dir/all] Error 2
gmake: *** [Makefile:146: all] Error 2
