[0.009s] Invoking command in '/home/ros/ROS2/communication_mechanism/build/cpp_time': CMAKE_PREFIX_PATH=${CMAKE_PREFIX_PATH}:/opt/ros/humble /usr/bin/cmake --build /home/ros/ROS2/communication_mechanism/build/cpp_time -- -j20 -l20
[0.024s] -- Found ament_cmake: 1.3.8 (/opt/ros/humble/share/ament_cmake/cmake)
[0.101s] -- Found rclcpp: 16.0.8 (/opt/ros/humble/share/rclcpp/cmake)
[0.315s] -- Found rosidl_generator_c: 3.1.5 (/opt/ros/humble/share/rosidl_generator_c/cmake)
[0.317s] -- Found rosidl_adapter: 3.1.5 (/opt/ros/humble/share/rosidl_adapter/cmake)
[0.321s] -- Found rosidl_generator_cpp: 3.1.5 (/opt/ros/humble/share/rosidl_generator_cpp/cmake)
[0.327s] -- Using all available rosidl_typesupport_c: rosidl_typesupport_fastrtps_c;rosidl_typesupport_introspection_c
[0.337s] -- Using all available rosidl_typesupport_cpp: rosidl_typesupport_fastrtps_cpp;rosidl_typesupport_introspection_cpp
[0.372s] -- Found rmw_implementation_cmake: 6.1.1 (/opt/ros/humble/share/rmw_implementation_cmake/cmake)
[0.373s] -- Found rmw_fastrtps_cpp: 6.2.6 (/opt/ros/humble/share/rmw_fastrtps_cpp/cmake)
[8.989s] -- Using RMW implementation 'rmw_fastrtps_cpp' as default
[9.076s] -- Found ament_lint_auto: 0.12.10 (/opt/ros/humble/share/ament_lint_auto/cmake)
[9.114s] -- Added test 'cppcheck' to perform static code analysis on C / C++ code
[9.114s] -- Configured cppcheck include dirs: $<BUILD_INTERFACE:/home/ros/ROS2/communication_mechanism/src/cpp_time/include>
[9.115s] -- Configured cppcheck exclude dirs and/or files: 
[9.115s] -- Added test 'lint_cmake' to check CMake code style
[9.115s] -- Added test 'uncrustify' to check C / C++ code style
[9.115s] -- Configured uncrustify additional arguments: 
[9.115s] -- Added test 'xmllint' to check XML markup files
[9.116s] -- Configuring done
[9.122s] -- Generating done
[9.123s] -- Build files have been written to: /home/ros/ROS2/communication_mechanism/build/cpp_time
[9.137s] [35m[1mConsolidate compiler generated dependencies of target demo_time_rate[0m
[9.142s] [ 33%] [32mBuilding CXX object CMakeFiles/demo_time_time.dir/src/demo_time_time.cpp.o[0m
[9.142s] [ 33%] [32mBuilding CXX object CMakeFiles/demo_time_duration.dir/src/demo_time_duration.cpp.o[0m
[9.146s] [ 50%] [32mBuilding CXX object CMakeFiles/demo_time_rate.dir/src/demo_time_rate.cpp.o[0m
[9.147s] [01m[K/home/ros/ROS2/communication_mechanism/src/cpp_time/src/demo_time_duration.cpp:1:10:[m[K [01;31m[Kfatal error: [m[Krclcpp/rclcpp.hpp: No such file or directory
[9.147s]     1 | #include [01;31m[K"rclcpp/rclcpp.hpp"[m[K
[9.147s]       |          [01;31m[K^~~~~~~~~~~~~~~~~~~[m[K
[9.148s] compilation terminated.
[9.148s] [01m[K/home/ros/ROS2/communication_mechanism/src/cpp_time/src/demo_time_time.cpp:1:10:[m[K [01;31m[Kfatal error: [m[Krclcpp/rclcpp.hpp: No such file or directory
[9.148s]     1 | #include [01;31m[K"rclcpp/rclcpp.hpp"[m[K
[9.148s]       |          [01;31m[K^~~~~~~~~~~~~~~~~~~[m[K
[9.148s] compilation terminated.
[9.148s] gmake[2]: *** [CMakeFiles/demo_time_duration.dir/build.make:76: CMakeFiles/demo_time_duration.dir/src/demo_time_duration.cpp.o] Error 1
[9.149s] gmake[2]: *** [CMakeFiles/demo_time_time.dir/build.make:76: CMakeFiles/demo_time_time.dir/src/demo_time_time.cpp.o] Error 1
[9.149s] gmake[1]: *** [CMakeFiles/Makefile2:167: CMakeFiles/demo_time_time.dir/all] Error 2
[9.149s] gmake[1]: *** Waiting for unfinished jobs....
[9.149s] gmake[1]: *** [CMakeFiles/Makefile2:193: CMakeFiles/demo_time_duration.dir/all] Error 2
[10.885s] [ 66%] [32m[1mLinking CXX executable demo_time_rate[0m
[11.112s] [ 66%] Built target demo_time_rate
[11.113s] gmake: *** [Makefile:146: all] Error 2
[11.115s] Invoked command in '/home/ros/ROS2/communication_mechanism/build/cpp_time' returned '2': CMAKE_PREFIX_PATH=${CMAKE_PREFIX_PATH}:/opt/ros/humble /usr/bin/cmake --build /home/ros/ROS2/communication_mechanism/build/cpp_time -- -j20 -l20
