[0.006s] Invoking command in '/home/huang/ros2/ROS2/coordinate_transformations/build/cpp_tf_broadcaster': CMAKE_PREFIX_PATH=${CMAKE_PREFIX_PATH}:/opt/ros/humble /usr/bin/cmake --build /home/huang/ros2/ROS2/coordinate_transformations/build/cpp_tf_broadcaster -- -j20 -l20
[0.021s] [35m[1mConsolidate compiler generated dependencies of target cpp_static_tf_broadcaster[0m
[0.024s] [ 50%] Built target demo
[0.028s] [ 75%] [32mBuilding CXX object CMakeFiles/cpp_static_tf_broadcaster.dir/src/cpp_static_tf_broadcaster.cpp.o[0m
[1.081s] [01m[K/home/huang/ros2/ROS2/coordinate_transformations/src/cpp_tf_broadcaster/src/cpp_static_tf_broadcaster.cpp:49:49:[m[K [01;31m[Kerror: [m[Kexpected â€˜[01m[K;[m[Kâ€™ at end of member declaration
[1.081s]    49 |     std::shared_ptr<StaticTransformBroadcaster> [01;31m[Kstatic_tf_broadcaster[m[K
[1.081s]       |                                                 [01;31m[K^~~~~~~~~~~~~~~~~~~~~[m[K
[1.081s]       |                                                                      [32m[K;[m[K
[1.431s] gmake[2]: *** [CMakeFiles/cpp_static_tf_broadcaster.dir/build.make:76: CMakeFiles/cpp_static_tf_broadcaster.dir/src/cpp_static_tf_broadcaster.cpp.o] Error 1
[1.431s] gmake[1]: *** [CMakeFiles/Makefile2:165: CMakeFiles/cpp_static_tf_broadcaster.dir/all] Error 2
[1.431s] gmake: *** [Makefile:146: all] Error 2
[1.432s] Invoked command in '/home/huang/ros2/ROS2/coordinate_transformations/build/cpp_tf_broadcaster' returned '2': CMAKE_PREFIX_PATH=${CMAKE_PREFIX_PATH}:/opt/ros/humble /usr/bin/cmake --build /home/huang/ros2/ROS2/coordinate_transformations/build/cpp_tf_broadcaster -- -j20 -l20
