[0.008s] Invoking command in '/home/ros/ROS2/communication_mechanism/build/cpp_param': CMAKE_PREFIX_PATH=${CMAKE_PREFIX_PATH}:/opt/ros/humble /usr/bin/cmake --build /home/ros/ROS2/communication_mechanism/build/cpp_param -- -j20 -l20
[0.030s] [35m[1mConsolidate compiler generated dependencies of target demo_param_server[0m
[0.037s] [ 33%] Built target demo_param_client
[0.037s] [ 66%] Built target demo_param
[0.039s] [ 83%] [32mBuilding CXX object CMakeFiles/demo_param_server.dir/src/demo_param_server.cpp.o[0m
[1.445s] In file included from [01m[K/opt/ros/humble/include/rclcpp/rclcpp/logging.hpp:24[m[K,
[1.445s]                  from [01m[K/opt/ros/humble/include/rclcpp/rclcpp/client.hpp:40[m[K,
[1.445s]                  from [01m[K/opt/ros/humble/include/rclcpp/rclcpp/callback_group.hpp:24[m[K,
[1.445s]                  from [01m[K/opt/ros/humble/include/rclcpp/rclcpp/any_executable.hpp:20[m[K,
[1.445s]                  from [01m[K/opt/ros/humble/include/rclcpp/rclcpp/memory_strategy.hpp:25[m[K,
[1.445s]                  from [01m[K/opt/ros/humble/include/rclcpp/rclcpp/memory_strategies.hpp:18[m[K,
[1.445s]                  from [01m[K/opt/ros/humble/include/rclcpp/rclcpp/executor_options.hpp:20[m[K,
[1.445s]                  from [01m[K/opt/ros/humble/include/rclcpp/rclcpp/executor.hpp:37[m[K,
[1.445s]                  from [01m[K/opt/ros/humble/include/rclcpp/rclcpp/executors/multi_threaded_executor.hpp:25[m[K,
[1.445s]                  from [01m[K/opt/ros/humble/include/rclcpp/rclcpp/executors.hpp:21[m[K,
[1.445s]                  from [01m[K/opt/ros/humble/include/rclcpp/rclcpp/rclcpp.hpp:155[m[K,
[1.445s]                  from [01m[K/home/ros/ROS2/communication_mechanism/src/cpp_param/src/demo_param_server.cpp:7[m[K:
[1.445s] [01m[K/home/ros/ROS2/communication_mechanism/src/cpp_param/src/demo_param_server.cpp:[m[K In constructor â€˜[01m[KParam_Server::Param_Server()[m[Kâ€™:
[1.445s] [01m[K/home/ros/ROS2/communication_mechanism/src/cpp_param/src/demo_param_server.cpp:17:41:[m[K [01;31m[Kerror: [m[Kâ€˜[01m[KRED[m[Kâ€™ was not declared in this scope
[1.445s]    17 |         RCLCPP_INFO(this->get_logger(), [01;31m[KRED[m[K R"(
[1.445s]       |                                         [01;31m[K^~~[m[K
[1.702s] gmake[2]: *** [CMakeFiles/demo_param_server.dir/build.make:76: CMakeFiles/demo_param_server.dir/src/demo_param_server.cpp.o] Error 1
[1.702s] gmake[1]: *** [CMakeFiles/Makefile2:167: CMakeFiles/demo_param_server.dir/all] Error 2
[1.702s] gmake: *** [Makefile:146: all] Error 2
[1.704s] Invoked command in '/home/ros/ROS2/communication_mechanism/build/cpp_param' returned '2': CMAKE_PREFIX_PATH=${CMAKE_PREFIX_PATH}:/opt/ros/humble /usr/bin/cmake --build /home/ros/ROS2/communication_mechanism/build/cpp_param -- -j20 -l20
