[01m[K/home/ros/ROS2/communication_mechanism/src/cpp_param/src/demo_param.cpp:14:10:[m[K [01;31m[Kfatal error: [m[Kstd_msgs/msg/string.hpp: No such file or directory
   14 | #include [01;31m[K"std_msgs/msg/string.hpp"[m[K
      |          [01;31m[K^~~~~~~~~~~~~~~~~~~~~~~~~[m[K
compilation terminated.
gmake[2]: *** [CMakeFiles/demo_param.dir/build.make:76: CMakeFiles/demo_param.dir/src/demo_param.cpp.o] Error 1
gmake[1]: *** [CMakeFiles/Makefile2:137: CMakeFiles/demo_param.dir/all] Error 2
gmake: *** [Makefile:146: all] Error 2
