[0.010s] Invoking command in '/home/ros/ROS2/communication_mechanism/build/cpp_param': CMAKE_PREFIX_PATH=/opt/ros/humble /usr/bin/cmake /home/ros/ROS2/communication_mechanism/src/cpp_param -DCMAKE_INSTALL_PREFIX=/home/ros/ROS2/communication_mechanism/install/cpp_param
[0.293s] -- The C compiler identification is GNU 11.4.0
[1.177s] -- The CXX compiler identification is GNU 11.4.0
[1.866s] -- Detecting C compiler ABI info
[2.085s] -- Detecting C compiler ABI info - done
[2.089s] -- Check for working C compiler: /usr/bin/cc - skipped
[2.089s] -- Detecting C compile features
[2.090s] -- Detecting C compile features - done
[2.092s] -- Detecting CXX compiler ABI info
[2.304s] -- Detecting CXX compiler ABI info - done
[2.308s] -- Check for working CXX compiler: /usr/bin/c++ - skipped
[2.308s] -- Detecting CXX compile features
[2.308s] -- Detecting CXX compile features - done
[2.312s] -- Found ament_cmake: 1.3.8 (/opt/ros/humble/share/ament_cmake/cmake)
[2.407s] -- Found Python3: /usr/bin/python3 (found version "3.10.12") found components: Interpreter 
[2.468s] -- Found rclcpp: 16.0.8 (/opt/ros/humble/share/rclcpp/cmake)
[2.698s] -- Found rosidl_generator_c: 3.1.5 (/opt/ros/humble/share/rosidl_generator_c/cmake)
[2.702s] -- Found rosidl_adapter: 3.1.5 (/opt/ros/humble/share/rosidl_adapter/cmake)
[2.708s] -- Found rosidl_generator_cpp: 3.1.5 (/opt/ros/humble/share/rosidl_generator_cpp/cmake)
[2.718s] -- Using all available rosidl_typesupport_c: rosidl_typesupport_fastrtps_c;rosidl_typesupport_introspection_c
[2.730s] -- Using all available rosidl_typesupport_cpp: rosidl_typesupport_fastrtps_cpp;rosidl_typesupport_introspection_cpp
[2.774s] -- Found rmw_implementation_cmake: 6.1.1 (/opt/ros/humble/share/rmw_implementation_cmake/cmake)
[2.775s] -- Found rmw_fastrtps_cpp: 6.2.6 (/opt/ros/humble/share/rmw_fastrtps_cpp/cmake)
[5.114s] -- Found OpenSSL: /usr/lib/x86_64-linux-gnu/libcrypto.so (found version "3.0.2")  
[7.480s] -- Found FastRTPS: /opt/ros/humble/include  
[11.633s] -- Using RMW implementation 'rmw_fastrtps_cpp' as default
[11.640s] -- Looking for pthread.h
[11.828s] -- Looking for pthread.h - found
[11.828s] -- Performing Test CMAKE_HAVE_LIBC_PTHREAD
[12.033s] -- Performing Test CMAKE_HAVE_LIBC_PTHREAD - Success
[12.033s] -- Found Threads: TRUE  
[12.130s] -- Found ament_lint_auto: 0.12.10 (/opt/ros/humble/share/ament_lint_auto/cmake)
[12.193s] -- Added test 'cppcheck' to perform static code analysis on C / C++ code
[12.193s] -- Configured cppcheck include dirs: $<BUILD_INTERFACE:/home/ros/ROS2/communication_mechanism/src/cpp_param/include>
[12.193s] -- Configured cppcheck exclude dirs and/or files: 
[12.194s] -- Added test 'lint_cmake' to check CMake code style
[12.195s] -- Added test 'uncrustify' to check C / C++ code style
[12.195s] -- Configured uncrustify additional arguments: 
[12.195s] -- Added test 'xmllint' to check XML markup files
[12.196s] -- Configuring done
[12.205s] -- Generating done
[12.208s] -- Build files have been written to: /home/ros/ROS2/communication_mechanism/build/cpp_param
[12.216s] Invoked command in '/home/ros/ROS2/communication_mechanism/build/cpp_param' returned '0': CMAKE_PREFIX_PATH=/opt/ros/humble /usr/bin/cmake /home/ros/ROS2/communication_mechanism/src/cpp_param -DCMAKE_INSTALL_PREFIX=/home/ros/ROS2/communication_mechanism/install/cpp_param
[12.218s] Invoking command in '/home/ros/ROS2/communication_mechanism/build/cpp_param': CMAKE_PREFIX_PATH=/opt/ros/humble /usr/bin/cmake --build /home/ros/ROS2/communication_mechanism/build/cpp_param -- -j20 -l20
[12.242s] [ 50%] [32mBuilding CXX object CMakeFiles/demo_param.dir/src/demo_param.cpp.o[0m
[12.337s] [01m[K/home/ros/ROS2/communication_mechanism/src/cpp_param/src/demo_param.cpp:14:10:[m[K [01;31m[Kfatal error: [m[Kstd_msgs/msg/string.hpp: No such file or directory
[12.337s]    14 | #include [01;31m[K"std_msgs/msg/string.hpp"[m[K
[12.337s]       |          [01;31m[K^~~~~~~~~~~~~~~~~~~~~~~~~[m[K
[12.337s] compilation terminated.
[12.339s] gmake[2]: *** [CMakeFiles/demo_param.dir/build.make:76: CMakeFiles/demo_param.dir/src/demo_param.cpp.o] Error 1
[12.340s] gmake[1]: *** [CMakeFiles/Makefile2:137: CMakeFiles/demo_param.dir/all] Error 2
[12.340s] gmake: *** [Makefile:146: all] Error 2
[12.341s] Invoked command in '/home/ros/ROS2/communication_mechanism/build/cpp_param' returned '2': CMAKE_PREFIX_PATH=/opt/ros/humble /usr/bin/cmake --build /home/ros/ROS2/communication_mechanism/build/cpp_param -- -j20 -l20
