[01m[K/home/huang/ros2/ROS2/coordinate_transformations/src/cpp_tf_turtle/src/exer_tf_broadcaster.cpp:7:10:[m[K [01;31m[Kfatal error: [m[Kturtlesim/msg/pose.hpp: No such file or directory
    7 | #include [01;31m[K"turtlesim/msg/pose.hpp"[m[K
      |          [01;31m[K^~~~~~~~~~~~~~~~~~~~~~~~[m[K
compilation terminated.
gmake[2]: *** [CMakeFiles/exer_tf_broadcaster.dir/build.make:76: CMakeFiles/exer_tf_broadcaster.dir/src/exer_tf_broadcaster.cpp.o] Error 1
gmake[1]: *** [CMakeFiles/Makefile2:167: CMakeFiles/exer_tf_broadcaster.dir/all] Error 2
gmake[1]: *** Waiting for unfinished jobs....
gmake: *** [Makefile:146: all] Error 2
